2018-01-23 07:15:41 [10.161.0.68][-][-][warning][yii\debug\Module::checkAccess] Access to debugger is denied due to IP address restriction. The requesting IP address is 10.161.0.68
    in /data/web/views/layouts/main.php:78
    in /data/web/controllers/SiteController.php:64
2018-01-23 07:15:41 [10.161.0.68][-][-][warning][yii\debug\Module::checkAccess] Access to debugger is denied due to IP address restriction. The requesting IP address is 10.161.0.68
2018-01-23 07:15:40 [10.161.0.68][-][-][info][application] $_SESSION = [
    '__flash' => []
]

$_SERVER = [
    'PHP_EXTRA_CONFIGURE_ARGS' => '--enable-fpm --with-fpm-user=www-data --with-fpm-group=www-data'
    'HOSTNAME' => 'e5364f9b7d29'
    'PHP_INI_DIR' => '/usr/local/etc/php'
    'HOME' => '/var/www'
    'PHP_LDFLAGS' => '-Wl,-O1 -Wl,--hash-style=both -pie'
    'PHP_CFLAGS' => '-fstack-protector-strong -fpic -fpie -O2'
    'PHP_MD5' => ''
    'PHP_VERSION' => '7.2.1'
    'GPG_KEYS' => '1729F83938DA44E27BA0F4D3DBDB397470D12172 B1B44D8F021E4E2D6021E995DC9FF8D3EE5AF27F'
    'PHP_CPPFLAGS' => '-fstack-protector-strong -fpic -fpie -O2'
    'PHP_ASC_URL' => 'https://secure.php.net/get/php-7.2.1.tar.xz.asc/from/this/mirror'
    'PHP_URL' => 'https://secure.php.net/get/php-7.2.1.tar.xz/from/this/mirror'
    'PATH' => '/usr/local/sbin:/usr/local/bin:/usr/sbin:/usr/bin:/sbin:/bin'
    'PHPIZE_DEPS' => 'autoconf 		dpkg-dev 		file 		g++ 		gcc 		libc-dev 		make 		pkg-config 		re2c'
    'PWD' => '/var/www/html'
    'PHP_SHA256' => '6c6cf82fda6660ed963821eb0525214bb3547e8e29f447b9c15b2d8e6efd8822'
    'USER' => 'www-data'
    'HTTP_ACCEPT_LANGUAGE' => 'zh-CN,zh;q=0.9,en;q=0.8'
    'HTTP_ACCEPT_ENCODING' => 'gzip, deflate'
    'HTTP_ACCEPT' => 'text/html,application/xhtml+xml,application/xml;q=0.9,image/webp,image/apng,*/*;q=0.8'
    'HTTP_UPGRADE_INSECURE_REQUESTS' => '1'
    'HTTP_USER_AGENT' => 'Mozilla/5.0 (Windows NT 10.0; Win64; x64) AppleWebKit/537.36 (KHTML, like Gecko) Chrome/63.0.3239.132 Safari/537.36'
    'HTTP_CONNECTION' => 'keep-alive'
    'HTTP_HOST' => '172.16.125.110'
    'SCRIPT_FILENAME' => '/data/web/web/index.php'
    'REDIRECT_STATUS' => '200'
    'SERVER_NAME' => 'mysite.local'
    'SERVER_PORT' => '80'
    'SERVER_ADDR' => '172.21.0.2'
    'REMOTE_PORT' => '56442'
    'REMOTE_ADDR' => '10.161.0.68'
    'SERVER_SOFTWARE' => 'nginx/1.13.8'
    'GATEWAY_INTERFACE' => 'CGI/1.1'
    'REQUEST_SCHEME' => 'http'
    'SERVER_PROTOCOL' => 'HTTP/1.1'
    'DOCUMENT_ROOT' => '/data/web'
    'DOCUMENT_URI' => '/web/index.php'
    'REQUEST_URI' => '/web/index.php'
    'SCRIPT_NAME' => '/web/index.php'
    'CONTENT_LENGTH' => ''
    'CONTENT_TYPE' => ''
    'REQUEST_METHOD' => 'GET'
    'QUERY_STRING' => ''
    'FCGI_ROLE' => 'RESPONDER'
    'PHP_SELF' => '/web/index.php'
    'REQUEST_TIME_FLOAT' => 1516691740.9023
    'REQUEST_TIME' => 1516691740
]
2018-01-23 07:15:47 [10.161.0.68][-][-][warning][yii\debug\Module::checkAccess] Access to debugger is denied due to IP address restriction. The requesting IP address is 10.161.0.68
    in /data/web/views/layouts/main.php:78
    in /data/web/controllers/SiteController.php:64
2018-01-23 07:15:47 [10.161.0.68][-][-][warning][yii\debug\Module::checkAccess] Access to debugger is denied due to IP address restriction. The requesting IP address is 10.161.0.68
2018-01-23 07:15:47 [10.161.0.68][-][-][info][application] $_COOKIE = [
    'PHPSESSID' => 'pt352lv3kpa7lfqmihegjvgfen'
    '_csrf' => 'cb06e009fb241da8dda876f549e595f8295566190cf9677a30b49938c57ab8d8a:2:{i:0;s:5:\"_csrf\";i:1;s:32:\"3SBsZ0rWP0NQaY2WQbEE2s0_B_wllxAn\";}'
]

$_SESSION = [
    '__flash' => []
]

$_SERVER = [
    'PHP_EXTRA_CONFIGURE_ARGS' => '--enable-fpm --with-fpm-user=www-data --with-fpm-group=www-data'
    'HOSTNAME' => 'e5364f9b7d29'
    'PHP_INI_DIR' => '/usr/local/etc/php'
    'HOME' => '/var/www'
    'PHP_LDFLAGS' => '-Wl,-O1 -Wl,--hash-style=both -pie'
    'PHP_CFLAGS' => '-fstack-protector-strong -fpic -fpie -O2'
    'PHP_MD5' => ''
    'PHP_VERSION' => '7.2.1'
    'GPG_KEYS' => '1729F83938DA44E27BA0F4D3DBDB397470D12172 B1B44D8F021E4E2D6021E995DC9FF8D3EE5AF27F'
    'PHP_CPPFLAGS' => '-fstack-protector-strong -fpic -fpie -O2'
    'PHP_ASC_URL' => 'https://secure.php.net/get/php-7.2.1.tar.xz.asc/from/this/mirror'
    'PHP_URL' => 'https://secure.php.net/get/php-7.2.1.tar.xz/from/this/mirror'
    'PATH' => '/usr/local/sbin:/usr/local/bin:/usr/sbin:/usr/bin:/sbin:/bin'
    'PHPIZE_DEPS' => 'autoconf 		dpkg-dev 		file 		g++ 		gcc 		libc-dev 		make 		pkg-config 		re2c'
    'PWD' => '/var/www/html'
    'PHP_SHA256' => '6c6cf82fda6660ed963821eb0525214bb3547e8e29f447b9c15b2d8e6efd8822'
    'USER' => 'www-data'
    'HTTP_COOKIE' => 'PHPSESSID=pt352lv3kpa7lfqmihegjvgfen; _csrf=cb06e009fb241da8dda876f549e595f8295566190cf9677a30b49938c57ab8d8a%3A2%3A%7Bi%3A0%3Bs%3A5%3A%22_csrf%22%3Bi%3A1%3Bs%3A32%3A%223SBsZ0rWP0NQaY2WQbEE2s0_B_wllxAn%22%3B%7D'
    'HTTP_ACCEPT_LANGUAGE' => 'zh-CN,zh;q=0.9,en;q=0.8'
    'HTTP_ACCEPT_ENCODING' => 'gzip, deflate'
    'HTTP_ACCEPT' => 'text/html,application/xhtml+xml,application/xml;q=0.9,image/webp,image/apng,*/*;q=0.8'
    'HTTP_UPGRADE_INSECURE_REQUESTS' => '1'
    'HTTP_USER_AGENT' => 'Mozilla/5.0 (Windows NT 10.0; Win64; x64) AppleWebKit/537.36 (KHTML, like Gecko) Chrome/63.0.3239.132 Safari/537.36'
    'HTTP_CONNECTION' => 'keep-alive'
    'HTTP_HOST' => '172.16.125.110'
    'SCRIPT_FILENAME' => '/data/web/web/index.php'
    'REDIRECT_STATUS' => '200'
    'SERVER_NAME' => 'mysite.local'
    'SERVER_PORT' => '80'
    'SERVER_ADDR' => '172.21.0.2'
    'REMOTE_PORT' => '56450'
    'REMOTE_ADDR' => '10.161.0.68'
    'SERVER_SOFTWARE' => 'nginx/1.13.8'
    'GATEWAY_INTERFACE' => 'CGI/1.1'
    'REQUEST_SCHEME' => 'http'
    'SERVER_PROTOCOL' => 'HTTP/1.1'
    'DOCUMENT_ROOT' => '/data/web'
    'DOCUMENT_URI' => '/web/index.php'
    'REQUEST_URI' => '/web/index.php'
    'SCRIPT_NAME' => '/web/index.php'
    'CONTENT_LENGTH' => ''
    'CONTENT_TYPE' => ''
    'REQUEST_METHOD' => 'GET'
    'QUERY_STRING' => ''
    'FCGI_ROLE' => 'RESPONDER'
    'PHP_SELF' => '/web/index.php'
    'REQUEST_TIME_FLOAT' => 1516691747.394
    'REQUEST_TIME' => 1516691747
]
